root - INFO - 

------------------------------------------------------
root - INFO - GPU available?:      True
root - INFO - Network using cuda?: True
root - INFO - 

Network Details:
n_epochs         = 1500
batch_size_train = 16
batch_size_test  = 8
learning_rate    = 0.001
momentum         = 0.5    



root - INFO - 

------------------------------------------------------
root - INFO - GPU available?:      True
root - INFO - Network using cuda?: True
root - INFO - 

Network Details:
n_epochs         = 1500
batch_size_train = 16
batch_size_test  = 8
learning_rate    = 0.001
momentum         = 0.5    



root - INFO - 

------------------------------------------------------
root - INFO - GPU available?:      True
root - INFO - Network using cuda?: True
root - INFO - 

Network Details:
n_epochs         = 1500
batch_size_train = 8
batch_size_test  = 4
learning_rate    = 0.001
momentum         = 0.5    



root - INFO - 

------------------------------------------------------
root - INFO - GPU available?:      True
root - INFO - Network using cuda?: True
root - INFO - 

Network Details:
n_epochs         = 1500
batch_size_train = 8
batch_size_test  = 4
learning_rate    = 0.001
momentum         = 0.5    



